2024-09-09 19:19:58,615{GMT}	INFO	[jepsen test runner] jepsen.core: Command line:
lein run test -w echo --bin ../demo/ruby/echo.rb --time-limit 5
2024-09-09 19:19:58,656{GMT}	INFO	[jepsen test runner] jepsen.core: Running test:
{:args []
 :remote
 #jepsen.control.retry.Remote{:remote #jepsen.control.scp.Remote{:cmd-remote #jepsen.control.sshj.SSHJRemote{:concurrency-limit 6,
                                                                                                             :conn-spec nil,
                                                                                                             :client nil,
                                                                                                             :semaphore nil},
                                                                 :conn-spec nil},
                              :conn nil}
 :log-net-send false
 :node-count nil
 :availability nil
 :max-txn-length 4
 :concurrency 5
 :db
 #object[maelstrom.db$db$reify__16142
         "0x7e86ff3b"
         "maelstrom.db$db$reify__16142@7e86ff3b"]
 :max-writes-per-key 16
 :leave-db-running? false
 :name "echo"
 :logging-json? false
 :start-time
 #object[org.joda.time.DateTime "0x1f6865ca" "2024-09-09T19:19:58.596+01:00"]
 :nemesis-interval 10
 :net
 #object[maelstrom.net$jepsen_net$reify__15251
         "0x6044311a"
         "maelstrom.net$jepsen_net$reify__15251@6044311a"]
 :client
 #object[maelstrom.workload.echo$client$reify__16863
         "0x7416b560"
         "maelstrom.workload.echo$client$reify__16863@7416b560"]
 :barrier
 #object[java.util.concurrent.CyclicBarrier
         "0x53d782b0"
         "java.util.concurrent.CyclicBarrier@53d782b0"]
 :log-stderr false
 :pure-generators true
 :ssh {:dummy? true}
 :rate 5
 :checker
 #object[jepsen.checker$compose$reify__11881
         "0xf4deb35"
         "jepsen.checker$compose$reify__11881@f4deb35"]
 :argv ("test" "-w" "echo" "--bin" "../demo/ruby/echo.rb" "--time-limit" "5")
 :nemesis
 (jepsen.nemesis.ReflCompose
  {:fm {:start-partition 0,
        :stop-partition 0,
        :kill 1,
        :start 1,
        :pause 1,
        :resume 1},
   :nemeses [#unprintable "jepsen.nemesis.combined$partition_nemesis$reify__16416@4ec0c727"
             #unprintable "jepsen.nemesis.combined$db_nemesis$reify__16397@fbcc62a"]})
 :nodes ["n1" "n2" "n3" "n4" "n5"]
 :test-count 1
 :latency {:mean 0, :dist :constant}
 :bin "../demo/ruby/echo.rb"
 :generator
 (jepsen.generator.TimeLimit
  {:limit 5000000000,
   :cutoff nil,
   :gen (jepsen.generator.Any
         {:gens [(jepsen.generator.OnThreads
                  {:f #{:nemesis},
                   :context-filter #object[jepsen.generator.context$make_thread_filter$lazy_filter__9167
                                           "0x58230224"
                                           "jepsen.generator.context$make_thread_filter$lazy_filter__9167@58230224"],
                   :gen nil})
                 (jepsen.generator.OnThreads
                  {:f #jepsen.generator.context.AllBut{:element :nemesis},
                   :context-filter #object[jepsen.generator.context$make_thread_filter$lazy_filter__9167
                                           "0x583f6270"
                                           "jepsen.generator.context$make_thread_filter$lazy_filter__9167@583f6270"],
                   :gen (jepsen.generator.Stagger
                         {:dt 400000000,
                          :next-time nil,
                          :gen (jepsen.generator.EachThread
                                {:fresh-gen #object[maelstrom.workload.echo$workload$fn__16882
                                                    "0x2bd24c09"
                                                    "maelstrom.workload.echo$workload$fn__16882@2bd24c09"],
                                 :context-filters #object[clojure.core$promise$reify__8591
                                                          "0x3e6b8b27"
                                                          {:status :pending,
                                                           :val nil}],
                                 :gens {}})})})]})})
 :log-net-recv false
 :os
 #object[maelstrom.net$jepsen_os$reify__15254
         "0x7e199cec"
         "maelstrom.net$jepsen_os$reify__15254@7e199cec"]
 :time-limit 5
 :workload :echo
 :consistency-models [:strict-serializable]
 :topology :grid}

2024-09-09 19:19:59,564{GMT}	INFO	[jepsen node n1] maelstrom.net: Starting Maelstrom network
2024-09-09 19:19:59,565{GMT}	INFO	[jepsen test runner] jepsen.db: Tearing down DB
2024-09-09 19:19:59,566{GMT}	INFO	[jepsen test runner] jepsen.db: Setting up DB
2024-09-09 19:19:59,567{GMT}	INFO	[jepsen node n5] maelstrom.db: Setting up n5
2024-09-09 19:19:59,567{GMT}	INFO	[jepsen node n4] maelstrom.db: Setting up n4
2024-09-09 19:19:59,567{GMT}	INFO	[jepsen node n2] maelstrom.db: Setting up n2
2024-09-09 19:19:59,568{GMT}	INFO	[jepsen node n4] maelstrom.process: launching ../demo/ruby/echo.rb []
2024-09-09 19:19:59,568{GMT}	INFO	[jepsen node n5] maelstrom.process: launching ../demo/ruby/echo.rb []
2024-09-09 19:19:59,567{GMT}	INFO	[jepsen node n3] maelstrom.db: Setting up n3
2024-09-09 19:19:59,568{GMT}	INFO	[jepsen node n2] maelstrom.process: launching ../demo/ruby/echo.rb []
2024-09-09 19:19:59,568{GMT}	INFO	[jepsen node n3] maelstrom.process: launching ../demo/ruby/echo.rb []
2024-09-09 19:19:59,569{GMT}	INFO	[jepsen node n1] maelstrom.service: Starting services: (lin-kv lin-tso lww-kv seq-kv)
2024-09-09 19:19:59,570{GMT}	INFO	[jepsen node n1] maelstrom.db: Setting up n1
2024-09-09 19:19:59,570{GMT}	INFO	[jepsen node n1] maelstrom.process: launching ../demo/ruby/echo.rb []
2024-09-09 19:20:00,582{GMT}	INFO	[jepsen node n1] maelstrom.net: Shutting down Maelstrom network
2024-09-09 19:20:00,587{GMT}	WARN	[jepsen test runner] jepsen.core: Test crashed!
java.io.IOException: Cannot run program "/Users/lucas/fun/flyio-dist-sys/demo/ruby/echo.rb" (in directory "/var/folders/_6/bbdc6b196n7_my7xjh4dj0000000gn/T"): error=2, No such file or directory
	at java.base/java.lang.ProcessBuilder.start(ProcessBuilder.java:1128)
	at java.base/java.lang.ProcessBuilder.start(ProcessBuilder.java:1071)
	at maelstrom.process$start_node_BANG_.invokeStatic(process.clj:199)
	at maelstrom.process$start_node_BANG_.invoke(process.clj:168)
	at maelstrom.db$db$reify__16142.setup_BANG_(db.clj:34)
	at jepsen.db$fn__8729$G__8723__8733.invoke(db.clj:12)
	at jepsen.db$fn__8729$G__8722__8738.invoke(db.clj:12)
	at clojure.core$partial$fn__5908.invoke(core.clj:2642)
	at jepsen.control$on_nodes$fn__8599.invoke(control.clj:314)
	at clojure.lang.AFn.applyToHelper(AFn.java:154)
	at clojure.lang.AFn.applyTo(AFn.java:144)
	at clojure.core$apply.invokeStatic(core.clj:667)
	at clojure.core$with_bindings_STAR_.invokeStatic(core.clj:1990)
	at clojure.core$with_bindings_STAR_.doInvoke(core.clj:1990)
	at clojure.lang.RestFn.applyTo(RestFn.java:142)
	at clojure.core$apply.invokeStatic(core.clj:671)
	at clojure.core$bound_fn_STAR_$fn__5818.doInvoke(core.clj:2020)
	at clojure.lang.RestFn.invoke(RestFn.java:408)
	at dom_top.core$real_pmap_helper$build_thread__211$fn__212.invoke(core.clj:163)
	at clojure.lang.AFn.applyToHelper(AFn.java:152)
	at clojure.lang.AFn.applyTo(AFn.java:144)
	at clojure.core$apply.invokeStatic(core.clj:667)
	at clojure.core$with_bindings_STAR_.invokeStatic(core.clj:1990)
	at clojure.core$with_bindings_STAR_.doInvoke(core.clj:1990)
	at clojure.lang.RestFn.invoke(RestFn.java:425)
	at clojure.lang.AFn.applyToHelper(AFn.java:156)
	at clojure.lang.RestFn.applyTo(RestFn.java:132)
	at clojure.core$apply.invokeStatic(core.clj:671)
	at clojure.core$bound_fn_STAR_$fn__5818.doInvoke(core.clj:2020)
	at clojure.lang.RestFn.invoke(RestFn.java:397)
	at clojure.lang.AFn.run(AFn.java:22)
	at java.base/java.lang.Thread.run(Thread.java:829)
Caused by: java.io.IOException: error=2, No such file or directory
	at java.base/java.lang.ProcessImpl.forkAndExec(Native Method)
	at java.base/java.lang.ProcessImpl.<init>(ProcessImpl.java:340)
	at java.base/java.lang.ProcessImpl.start(ProcessImpl.java:271)
	at java.base/java.lang.ProcessBuilder.start(ProcessBuilder.java:1107)
	... 31 common frames omitted
